<?xml version="1.0" encoding="UTF-8"?>
<testsuite xmlns:xsi="http://www.w3.org/2001/XMLSchema-instance" xsi:noNamespaceSchemaLocation="https://maven.apache.org/surefire/maven-surefire-plugin/xsd/surefire-test-report.xsd" name="cn.edu.sjtu.NjTestApplicationTests" time="3.06" tests="1" errors="0" skipped="0" failures="0">
  <properties>
    <property name="sun.desktop" value="windows"/>
    <property name="awt.toolkit" value="sun.awt.windows.WToolkit"/>
    <property name="file.encoding.pkg" value="sun.io"/>
    <property name="java.specification.version" value="1.8"/>
    <property name="sun.cpu.isalist" value="amd64"/>
    <property name="sun.jnu.encoding" value="GBK"/>
    <property name="java.class.path" value="D:\web\nj_test\target\test-classes;D:\web\nj_test\target\classes;D:\.m2\repository\org\springframework\boot\spring-boot-starter-data-jdbc\2.7.8\spring-boot-starter-data-jdbc-2.7.8.jar;D:\.m2\repository\org\springframework\boot\spring-boot-starter-jdbc\2.7.8\spring-boot-starter-jdbc-2.7.8.jar;D:\.m2\repository\com\zaxxer\HikariCP\4.0.3\HikariCP-4.0.3.jar;D:\.m2\repository\org\springframework\spring-jdbc\5.3.25\spring-jdbc-5.3.25.jar;D:\.m2\repository\org\springframework\data\spring-data-jdbc\2.4.7\spring-data-jdbc-2.4.7.jar;D:\.m2\repository\org\springframework\data\spring-data-relational\2.4.7\spring-data-relational-2.4.7.jar;D:\.m2\repository\org\springframework\data\spring-data-commons\2.7.7\spring-data-commons-2.7.7.jar;D:\.m2\repository\org\springframework\spring-tx\5.3.25\spring-tx-5.3.25.jar;D:\.m2\repository\org\springframework\spring-context\5.3.25\spring-context-5.3.25.jar;D:\.m2\repository\org\springframework\spring-beans\5.3.25\spring-beans-5.3.25.jar;D:\.m2\repository\org\slf4j\slf4j-api\1.7.36\slf4j-api-1.7.36.jar;D:\.m2\repository\org\springframework\boot\spring-boot-starter-web\2.7.8\spring-boot-starter-web-2.7.8.jar;D:\.m2\repository\org\springframework\boot\spring-boot-starter\2.7.8\spring-boot-starter-2.7.8.jar;D:\.m2\repository\org\springframework\boot\spring-boot\2.7.8\spring-boot-2.7.8.jar;D:\.m2\repository\org\springframework\boot\spring-boot-starter-logging\2.7.8\spring-boot-starter-logging-2.7.8.jar;D:\.m2\repository\ch\qos\logback\logback-classic\1.2.11\logback-classic-1.2.11.jar;D:\.m2\repository\ch\qos\logback\logback-core\1.2.11\logback-core-1.2.11.jar;D:\.m2\repository\org\apache\logging\log4j\log4j-to-slf4j\2.17.2\log4j-to-slf4j-2.17.2.jar;D:\.m2\repository\org\apache\logging\log4j\log4j-api\2.17.2\log4j-api-2.17.2.jar;D:\.m2\repository\org\slf4j\jul-to-slf4j\1.7.36\jul-to-slf4j-1.7.36.jar;D:\.m2\repository\jakarta\annotation\jakarta.annotation-api\1.3.5\jakarta.annotation-api-1.3.5.jar;D:\.m2\repository\org\yaml\snakeyaml\1.30\snakeyaml-1.30.jar;D:\.m2\repository\org\springframework\boot\spring-boot-starter-json\2.7.8\spring-boot-starter-json-2.7.8.jar;D:\.m2\repository\com\fasterxml\jackson\core\jackson-databind\2.13.4.2\jackson-databind-2.13.4.2.jar;D:\.m2\repository\com\fasterxml\jackson\core\jackson-annotations\2.13.4\jackson-annotations-2.13.4.jar;D:\.m2\repository\com\fasterxml\jackson\core\jackson-core\2.13.4\jackson-core-2.13.4.jar;D:\.m2\repository\com\fasterxml\jackson\datatype\jackson-datatype-jdk8\2.13.4\jackson-datatype-jdk8-2.13.4.jar;D:\.m2\repository\com\fasterxml\jackson\datatype\jackson-datatype-jsr310\2.13.4\jackson-datatype-jsr310-2.13.4.jar;D:\.m2\repository\com\fasterxml\jackson\module\jackson-module-parameter-names\2.13.4\jackson-module-parameter-names-2.13.4.jar;D:\.m2\repository\org\springframework\boot\spring-boot-starter-tomcat\2.7.8\spring-boot-starter-tomcat-2.7.8.jar;D:\.m2\repository\org\apache\tomcat\embed\tomcat-embed-core\9.0.71\tomcat-embed-core-9.0.71.jar;D:\.m2\repository\org\apache\tomcat\embed\tomcat-embed-el\9.0.71\tomcat-embed-el-9.0.71.jar;D:\.m2\repository\org\apache\tomcat\embed\tomcat-embed-websocket\9.0.71\tomcat-embed-websocket-9.0.71.jar;D:\.m2\repository\org\springframework\spring-web\5.3.25\spring-web-5.3.25.jar;D:\.m2\repository\org\springframework\spring-webmvc\5.3.25\spring-webmvc-5.3.25.jar;D:\.m2\repository\org\springframework\spring-aop\5.3.25\spring-aop-5.3.25.jar;D:\.m2\repository\org\springframework\spring-expression\5.3.25\spring-expression-5.3.25.jar;D:\.m2\repository\com\mysql\mysql-connector-j\8.0.32\mysql-connector-j-8.0.32.jar;D:\.m2\repository\org\projectlombok\lombok\1.18.24\lombok-1.18.24.jar;D:\.m2\repository\org\springframework\boot\spring-boot-starter-test\2.7.8\spring-boot-starter-test-2.7.8.jar;D:\.m2\repository\org\springframework\boot\spring-boot-test\2.7.8\spring-boot-test-2.7.8.jar;D:\.m2\repository\org\springframework\boot\spring-boot-test-autoconfigure\2.7.8\spring-boot-test-autoconfigure-2.7.8.jar;D:\.m2\repository\com\jayway\jsonpath\json-path\2.7.0\json-path-2.7.0.jar;D:\.m2\repository\net\minidev\json-smart\2.4.8\json-smart-2.4.8.jar;D:\.m2\repository\net\minidev\accessors-smart\2.4.8\accessors-smart-2.4.8.jar;D:\.m2\repository\org\ow2\asm\asm\9.1\asm-9.1.jar;D:\.m2\repository\jakarta\xml\bind\jakarta.xml.bind-api\2.3.3\jakarta.xml.bind-api-2.3.3.jar;D:\.m2\repository\jakarta\activation\jakarta.activation-api\1.2.2\jakarta.activation-api-1.2.2.jar;D:\.m2\repository\org\assertj\assertj-core\3.22.0\assertj-core-3.22.0.jar;D:\.m2\repository\org\hamcrest\hamcrest\2.2\hamcrest-2.2.jar;D:\.m2\repository\org\junit\jupiter\junit-jupiter\5.8.2\junit-jupiter-5.8.2.jar;D:\.m2\repository\org\junit\jupiter\junit-jupiter-api\5.8.2\junit-jupiter-api-5.8.2.jar;D:\.m2\repository\org\opentest4j\opentest4j\1.2.0\opentest4j-1.2.0.jar;D:\.m2\repository\org\junit\platform\junit-platform-commons\1.8.2\junit-platform-commons-1.8.2.jar;D:\.m2\repository\org\apiguardian\apiguardian-api\1.1.2\apiguardian-api-1.1.2.jar;D:\.m2\repository\org\junit\jupiter\junit-jupiter-params\5.8.2\junit-jupiter-params-5.8.2.jar;D:\.m2\repository\org\junit\jupiter\junit-jupiter-engine\5.8.2\junit-jupiter-engine-5.8.2.jar;D:\.m2\repository\org\junit\platform\junit-platform-engine\1.8.2\junit-platform-engine-1.8.2.jar;D:\.m2\repository\org\mockito\mockito-core\4.5.1\mockito-core-4.5.1.jar;D:\.m2\repository\net\bytebuddy\byte-buddy\1.12.22\byte-buddy-1.12.22.jar;D:\.m2\repository\net\bytebuddy\byte-buddy-agent\1.12.22\byte-buddy-agent-1.12.22.jar;D:\.m2\repository\org\objenesis\objenesis\3.2\objenesis-3.2.jar;D:\.m2\repository\org\mockito\mockito-junit-jupiter\4.5.1\mockito-junit-jupiter-4.5.1.jar;D:\.m2\repository\org\skyscreamer\jsonassert\1.5.1\jsonassert-1.5.1.jar;D:\.m2\repository\com\vaadin\external\google\android-json\0.0.20131108.vaadin1\android-json-0.0.20131108.vaadin1.jar;D:\.m2\repository\org\springframework\spring-core\5.3.25\spring-core-5.3.25.jar;D:\.m2\repository\org\springframework\spring-jcl\5.3.25\spring-jcl-5.3.25.jar;D:\.m2\repository\org\springframework\spring-test\5.3.25\spring-test-5.3.25.jar;D:\.m2\repository\org\xmlunit\xmlunit-core\2.9.1\xmlunit-core-2.9.1.jar;D:\.m2\repository\com\baomidou\mybatis-plus-boot-starter\3.5.3.1\mybatis-plus-boot-starter-3.5.3.1.jar;D:\.m2\repository\com\baomidou\mybatis-plus\3.5.3.1\mybatis-plus-3.5.3.1.jar;D:\.m2\repository\com\baomidou\mybatis-plus-extension\3.5.3.1\mybatis-plus-extension-3.5.3.1.jar;D:\.m2\repository\com\baomidou\mybatis-plus-core\3.5.3.1\mybatis-plus-core-3.5.3.1.jar;D:\.m2\repository\com\baomidou\mybatis-plus-annotation\3.5.3.1\mybatis-plus-annotation-3.5.3.1.jar;D:\.m2\repository\com\github\jsqlparser\jsqlparser\4.4\jsqlparser-4.4.jar;D:\.m2\repository\org\mybatis\mybatis\3.5.10\mybatis-3.5.10.jar;D:\.m2\repository\org\mybatis\mybatis-spring\2.0.7\mybatis-spring-2.0.7.jar;D:\.m2\repository\org\springframework\boot\spring-boot-autoconfigure\2.7.8\spring-boot-autoconfigure-2.7.8.jar;D:\.m2\repository\com\alibaba\fastjson2\fastjson2\2.0.23\fastjson2-2.0.23.jar;"/>
    <property name="java.vm.vendor" value="Amazon.com Inc."/>
    <property name="sun.arch.data.model" value="64"/>
    <property name="user.variant" value=""/>
    <property name="java.vendor.url" value="https://aws.amazon.com/corretto/"/>
    <property name="user.timezone" value="Asia/Shanghai"/>
    <property name="java.vm.specification.version" value="1.8"/>
    <property name="os.name" value="Windows 11"/>
    <property name="user.country" value="CN"/>
    <property name="sun.java.launcher" value="SUN_STANDARD"/>
    <property name="sun.boot.library.path" value="C:\Users\YCR\.jdks\corretto-1.8.0_362\jre\bin"/>
    <property name="sun.java.command" value="C:\Users\YCR\AppData\Local\Temp\surefire486581402447307836\surefirebooter106125028425509056.jar C:\Users\YCR\AppData\Local\Temp\surefire486581402447307836 2023-03-07T21-24-49_114-jvmRun1 surefire8046525648897978104tmp surefire_082009249950389304tmp"/>
    <property name="surefire.test.class.path" value="D:\web\nj_test\target\test-classes;D:\web\nj_test\target\classes;D:\.m2\repository\org\springframework\boot\spring-boot-starter-data-jdbc\2.7.8\spring-boot-starter-data-jdbc-2.7.8.jar;D:\.m2\repository\org\springframework\boot\spring-boot-starter-jdbc\2.7.8\spring-boot-starter-jdbc-2.7.8.jar;D:\.m2\repository\com\zaxxer\HikariCP\4.0.3\HikariCP-4.0.3.jar;D:\.m2\repository\org\springframework\spring-jdbc\5.3.25\spring-jdbc-5.3.25.jar;D:\.m2\repository\org\springframework\data\spring-data-jdbc\2.4.7\spring-data-jdbc-2.4.7.jar;D:\.m2\repository\org\springframework\data\spring-data-relational\2.4.7\spring-data-relational-2.4.7.jar;D:\.m2\repository\org\springframework\data\spring-data-commons\2.7.7\spring-data-commons-2.7.7.jar;D:\.m2\repository\org\springframework\spring-tx\5.3.25\spring-tx-5.3.25.jar;D:\.m2\repository\org\springframework\spring-context\5.3.25\spring-context-5.3.25.jar;D:\.m2\repository\org\springframework\spring-beans\5.3.25\spring-beans-5.3.25.jar;D:\.m2\repository\org\slf4j\slf4j-api\1.7.36\slf4j-api-1.7.36.jar;D:\.m2\repository\org\springframework\boot\spring-boot-starter-web\2.7.8\spring-boot-starter-web-2.7.8.jar;D:\.m2\repository\org\springframework\boot\spring-boot-starter\2.7.8\spring-boot-starter-2.7.8.jar;D:\.m2\repository\org\springframework\boot\spring-boot\2.7.8\spring-boot-2.7.8.jar;D:\.m2\repository\org\springframework\boot\spring-boot-starter-logging\2.7.8\spring-boot-starter-logging-2.7.8.jar;D:\.m2\repository\ch\qos\logback\logback-classic\1.2.11\logback-classic-1.2.11.jar;D:\.m2\repository\ch\qos\logback\logback-core\1.2.11\logback-core-1.2.11.jar;D:\.m2\repository\org\apache\logging\log4j\log4j-to-slf4j\2.17.2\log4j-to-slf4j-2.17.2.jar;D:\.m2\repository\org\apache\logging\log4j\log4j-api\2.17.2\log4j-api-2.17.2.jar;D:\.m2\repository\org\slf4j\jul-to-slf4j\1.7.36\jul-to-slf4j-1.7.36.jar;D:\.m2\repository\jakarta\annotation\jakarta.annotation-api\1.3.5\jakarta.annotation-api-1.3.5.jar;D:\.m2\repository\org\yaml\snakeyaml\1.30\snakeyaml-1.30.jar;D:\.m2\repository\org\springframework\boot\spring-boot-starter-json\2.7.8\spring-boot-starter-json-2.7.8.jar;D:\.m2\repository\com\fasterxml\jackson\core\jackson-databind\2.13.4.2\jackson-databind-2.13.4.2.jar;D:\.m2\repository\com\fasterxml\jackson\core\jackson-annotations\2.13.4\jackson-annotations-2.13.4.jar;D:\.m2\repository\com\fasterxml\jackson\core\jackson-core\2.13.4\jackson-core-2.13.4.jar;D:\.m2\repository\com\fasterxml\jackson\datatype\jackson-datatype-jdk8\2.13.4\jackson-datatype-jdk8-2.13.4.jar;D:\.m2\repository\com\fasterxml\jackson\datatype\jackson-datatype-jsr310\2.13.4\jackson-datatype-jsr310-2.13.4.jar;D:\.m2\repository\com\fasterxml\jackson\module\jackson-module-parameter-names\2.13.4\jackson-module-parameter-names-2.13.4.jar;D:\.m2\repository\org\springframework\boot\spring-boot-starter-tomcat\2.7.8\spring-boot-starter-tomcat-2.7.8.jar;D:\.m2\repository\org\apache\tomcat\embed\tomcat-embed-core\9.0.71\tomcat-embed-core-9.0.71.jar;D:\.m2\repository\org\apache\tomcat\embed\tomcat-embed-el\9.0.71\tomcat-embed-el-9.0.71.jar;D:\.m2\repository\org\apache\tomcat\embed\tomcat-embed-websocket\9.0.71\tomcat-embed-websocket-9.0.71.jar;D:\.m2\repository\org\springframework\spring-web\5.3.25\spring-web-5.3.25.jar;D:\.m2\repository\org\springframework\spring-webmvc\5.3.25\spring-webmvc-5.3.25.jar;D:\.m2\repository\org\springframework\spring-aop\5.3.25\spring-aop-5.3.25.jar;D:\.m2\repository\org\springframework\spring-expression\5.3.25\spring-expression-5.3.25.jar;D:\.m2\repository\com\mysql\mysql-connector-j\8.0.32\mysql-connector-j-8.0.32.jar;D:\.m2\repository\org\projectlombok\lombok\1.18.24\lombok-1.18.24.jar;D:\.m2\repository\org\springframework\boot\spring-boot-starter-test\2.7.8\spring-boot-starter-test-2.7.8.jar;D:\.m2\repository\org\springframework\boot\spring-boot-test\2.7.8\spring-boot-test-2.7.8.jar;D:\.m2\repository\org\springframework\boot\spring-boot-test-autoconfigure\2.7.8\spring-boot-test-autoconfigure-2.7.8.jar;D:\.m2\repository\com\jayway\jsonpath\json-path\2.7.0\json-path-2.7.0.jar;D:\.m2\repository\net\minidev\json-smart\2.4.8\json-smart-2.4.8.jar;D:\.m2\repository\net\minidev\accessors-smart\2.4.8\accessors-smart-2.4.8.jar;D:\.m2\repository\org\ow2\asm\asm\9.1\asm-9.1.jar;D:\.m2\repository\jakarta\xml\bind\jakarta.xml.bind-api\2.3.3\jakarta.xml.bind-api-2.3.3.jar;D:\.m2\repository\jakarta\activation\jakarta.activation-api\1.2.2\jakarta.activation-api-1.2.2.jar;D:\.m2\repository\org\assertj\assertj-core\3.22.0\assertj-core-3.22.0.jar;D:\.m2\repository\org\hamcrest\hamcrest\2.2\hamcrest-2.2.jar;D:\.m2\repository\org\junit\jupiter\junit-jupiter\5.8.2\junit-jupiter-5.8.2.jar;D:\.m2\repository\org\junit\jupiter\junit-jupiter-api\5.8.2\junit-jupiter-api-5.8.2.jar;D:\.m2\repository\org\opentest4j\opentest4j\1.2.0\opentest4j-1.2.0.jar;D:\.m2\repository\org\junit\platform\junit-platform-commons\1.8.2\junit-platform-commons-1.8.2.jar;D:\.m2\repository\org\apiguardian\apiguardian-api\1.1.2\apiguardian-api-1.1.2.jar;D:\.m2\repository\org\junit\jupiter\junit-jupiter-params\5.8.2\junit-jupiter-params-5.8.2.jar;D:\.m2\repository\org\junit\jupiter\junit-jupiter-engine\5.8.2\junit-jupiter-engine-5.8.2.jar;D:\.m2\repository\org\junit\platform\junit-platform-engine\1.8.2\junit-platform-engine-1.8.2.jar;D:\.m2\repository\org\mockito\mockito-core\4.5.1\mockito-core-4.5.1.jar;D:\.m2\repository\net\bytebuddy\byte-buddy\1.12.22\byte-buddy-1.12.22.jar;D:\.m2\repository\net\bytebuddy\byte-buddy-agent\1.12.22\byte-buddy-agent-1.12.22.jar;D:\.m2\repository\org\objenesis\objenesis\3.2\objenesis-3.2.jar;D:\.m2\repository\org\mockito\mockito-junit-jupiter\4.5.1\mockito-junit-jupiter-4.5.1.jar;D:\.m2\repository\org\skyscreamer\jsonassert\1.5.1\jsonassert-1.5.1.jar;D:\.m2\repository\com\vaadin\external\google\android-json\0.0.20131108.vaadin1\android-json-0.0.20131108.vaadin1.jar;D:\.m2\repository\org\springframework\spring-core\5.3.25\spring-core-5.3.25.jar;D:\.m2\repository\org\springframework\spring-jcl\5.3.25\spring-jcl-5.3.25.jar;D:\.m2\repository\org\springframework\spring-test\5.3.25\spring-test-5.3.25.jar;D:\.m2\repository\org\xmlunit\xmlunit-core\2.9.1\xmlunit-core-2.9.1.jar;D:\.m2\repository\com\baomidou\mybatis-plus-boot-starter\3.5.3.1\mybatis-plus-boot-starter-3.5.3.1.jar;D:\.m2\repository\com\baomidou\mybatis-plus\3.5.3.1\mybatis-plus-3.5.3.1.jar;D:\.m2\repository\com\baomidou\mybatis-plus-extension\3.5.3.1\mybatis-plus-extension-3.5.3.1.jar;D:\.m2\repository\com\baomidou\mybatis-plus-core\3.5.3.1\mybatis-plus-core-3.5.3.1.jar;D:\.m2\repository\com\baomidou\mybatis-plus-annotation\3.5.3.1\mybatis-plus-annotation-3.5.3.1.jar;D:\.m2\repository\com\github\jsqlparser\jsqlparser\4.4\jsqlparser-4.4.jar;D:\.m2\repository\org\mybatis\mybatis\3.5.10\mybatis-3.5.10.jar;D:\.m2\repository\org\mybatis\mybatis-spring\2.0.7\mybatis-spring-2.0.7.jar;D:\.m2\repository\org\springframework\boot\spring-boot-autoconfigure\2.7.8\spring-boot-autoconfigure-2.7.8.jar;D:\.m2\repository\com\alibaba\fastjson2\fastjson2\2.0.23\fastjson2-2.0.23.jar;"/>
    <property name="sun.cpu.endian" value="little"/>
    <property name="user.home" value="C:\Users\YCR"/>
    <property name="user.language" value="zh"/>
    <property name="java.specification.vendor" value="Oracle Corporation"/>
    <property name="java.home" value="C:\Users\YCR\.jdks\corretto-1.8.0_362\jre"/>
    <property name="basedir" value="D:\web\nj_test"/>
    <property name="file.separator" value="\"/>
    <property name="line.separator" value="&#10;"/>
    <property name="java.vm.specification.vendor" value="Oracle Corporation"/>
    <property name="java.specification.name" value="Java Platform API Specification"/>
    <property name="java.awt.graphicsenv" value="sun.awt.Win32GraphicsEnvironment"/>
    <property name="surefire.real.class.path" value="C:\Users\YCR\AppData\Local\Temp\surefire486581402447307836\surefirebooter106125028425509056.jar"/>
    <property name="sun.boot.class.path" value="C:\Users\YCR\.jdks\corretto-1.8.0_362\jre\lib\resources.jar;C:\Users\YCR\.jdks\corretto-1.8.0_362\jre\lib\rt.jar;C:\Users\YCR\.jdks\corretto-1.8.0_362\jre\lib\sunrsasign.jar;C:\Users\YCR\.jdks\corretto-1.8.0_362\jre\lib\jsse.jar;C:\Users\YCR\.jdks\corretto-1.8.0_362\jre\lib\jce.jar;C:\Users\YCR\.jdks\corretto-1.8.0_362\jre\lib\charsets.jar;C:\Users\YCR\.jdks\corretto-1.8.0_362\jre\lib\jfr.jar;C:\Users\YCR\.jdks\corretto-1.8.0_362\jre\classes"/>
    <property name="user.script" value=""/>
    <property name="sun.management.compiler" value="HotSpot 64-Bit Tiered Compilers"/>
    <property name="java.runtime.version" value="1.8.0_362-b08"/>
    <property name="user.name" value="YCR"/>
    <property name="path.separator" value=";"/>
    <property name="os.version" value="10.0"/>
    <property name="java.endorsed.dirs" value="C:\Users\YCR\.jdks\corretto-1.8.0_362\jre\lib\endorsed"/>
    <property name="java.runtime.name" value="OpenJDK Runtime Environment"/>
    <property name="file.encoding" value="GBK"/>
    <property name="java.vm.name" value="OpenJDK 64-Bit Server VM"/>
    <property name="localRepository" value="D:\.m2\repository"/>
    <property name="java.vendor.url.bug" value="https://github.com/corretto/corretto-8/issues/"/>
    <property name="java.io.tmpdir" value="C:\Users\YCR\AppData\Local\Temp\"/>
    <property name="idea.version" value="2022.3.2"/>
    <property name="java.version" value="1.8.0_362"/>
    <property name="user.dir" value="D:\web\nj_test"/>
    <property name="os.arch" value="amd64"/>
    <property name="java.vm.specification.name" value="Java Virtual Machine Specification"/>
    <property name="java.awt.printerjob" value="sun.awt.windows.WPrinterJob"/>
    <property name="sun.os.patch.level" value=""/>
    <property name="java.library.path" value="C:\Users\YCR\.jdks\corretto-1.8.0_362\jre\bin;C:\WINDOWS\Sun\Java\bin;C:\WINDOWS\system32;C:\WINDOWS;D:\VMware\bin\;C:\Program Files\NOITOM\Axis Neuron\;C:\Program Files (x86)\NVIDIA Corporation\PhysX\Common;C:\Python39\Scripts\;C:\Python39\;C:\Program Files\Java\jdk-16.0.1\bin;C:\Program Files\Java\jdk-16.0.1\jre\bin;C:\Program Files\Common Files\Oracle\Java\javapath;C:\Windows\system32;C:\Windows;C:\Windows\System32\Wbem;C:\Windows\System32\WindowsPowerShell\v1.0\;C:\Windows\System32\OpenSSH\;C:\Program Files\NVIDIA Corporation\NVIDIA NvDLISR;C:\Program Files\dotnet\;C:\ProgramData\chocolatey\bin;C:\Program Files\Git\cmd;C:\Program Files\nodejs\;C:\Program Files\MATLAB\R2021b\bin;C:\Program Files\Microsoft SQL Server\Client SDK\ODBC\110\Tools\Binn\;C:\Program Files (x86)\Microsoft SQL Server\120\Tools\Binn\;C:\Program Files\Microsoft SQL Server\120\Tools\Binn\;C:\Program Files\Microsoft SQL Server\120\DTS\Binn\;C:\Program Files (x86)\Windows Kits\8.1\Windows Performance Toolkit\;C:\WINDOWS\system32;C:\WINDOWS;C:\WINDOWS\System32\Wbem;C:\WINDOWS\System32\WindowsPowerShell\v1.0\;C:\WINDOWS\System32\OpenSSH\;D:\apache-maven-3.9.0\bin;C:\Users\YCR\AppData\Local\Microsoft\WindowsApps;C:\Program Files\Bandizip\;C:\Users\YCR\AppData\Local\Programs\Microsoft VS Code\bin;C:\Program Files\nodejs\node_global;C:\Users\YCR\AppData\Roaming\npm;C:\Program Files\nodejs\node_cache;;C:\Users\YCR\AppData\Local\JetBrains\Toolbox\scripts;."/>
    <property name="java.vm.info" value="mixed mode"/>
    <property name="java.vendor" value="Amazon.com Inc."/>
    <property name="java.vm.version" value="25.362-b08"/>
    <property name="java.specification.maintenance.version" value="4"/>
    <property name="java.ext.dirs" value="C:\Users\YCR\.jdks\corretto-1.8.0_362\jre\lib\ext;C:\WINDOWS\Sun\Java\lib\ext"/>
    <property name="sun.io.unicode.encoding" value="UnicodeLittle"/>
    <property name="java.class.version" value="52.0"/>
  </properties>
  <testcase name="contextLoads" classname="cn.edu.sjtu.NjTestApplicationTests" time="0.185"/>
</testsuite>